<?xml version="1.0" encoding="UTF-8"?>
<testsuite xmlns:xsi="http://www.w3.org/2001/XMLSchema-instance" xsi:noNamespaceSchemaLocation="https://maven.apache.org/surefire/maven-surefire-plugin/xsd/surefire-test-report.xsd" name="TestSuite" time="1.87" tests="2" errors="0" skipped="1" failures="1">
  <properties>
[...]
</properties>
  <testcase name="launch" classname="com.test.TC1_form" time="1.48">
    <failure message="org/openqa/selenium/interactions/HasTouchScreen" type="java.lang.NoClassDefFoundError">java.lang.NoClassDefFoundError: org/openqa/selenium/interactions/HasTouchScreen
	at com.test.TC1_form.launch(TC1_form.java:24)
Caused by: java.lang.ClassNotFoundException: org.openqa.selenium.interactions.HasTouchScreen
	at com.test.TC1_form.launch(TC1_form.java:24)
</failure>
    <system-err><![CDATA[SLF4J: Failed to load class "org.slf4j.impl.StaticLoggerBinder".
SLF4J: Defaulting to no-operation (NOP) logger implementation
SLF4J: See http://www.slf4j.org/codes.html#StaticLoggerBinder for further details.
]]></system-err>
  </testcase>
  <testcase name="fillForm" classname="com.test.TC1_form" time="0">
    <skipped message="org/openqa/selenium/interactions/HasTouchScreen"/>
  </testcase>
</testsuite>